This is pdfTeX, Version 3.1415926-2.5-1.40.14 (MiKTeX 2.9 64-bit) (preloaded format=pdflatex 2015.1.24)  30 MAR 2015 12:20
entering extended mode
**final*report.tex

("C:\Users\Ramaneek\SkyDrive\Documents\GitHub\CSC320-Winter-2014\project 4\fina
l report.tex"
LaTeX2e <2011/06/27>
Babel <v3.8m> and hyphenation patterns for english, afrikaans, ancientgreek, ar
abic, armenian, assamese, basque, bengali, bokmal, bulgarian, catalan, coptic, 
croatian, czech, danish, dutch, esperanto, estonian, farsi, finnish, french, ga
lician, german, german-x-2013-05-26, greek, gujarati, hindi, hungarian, iceland
ic, indonesian, interlingua, irish, italian, kannada, kurmanji, latin, latvian,
 lithuanian, malayalam, marathi, mongolian, mongolianlmc, monogreek, ngerman, n
german-x-2013-05-26, nynorsk, oriya, panjabi, pinyin, polish, portuguese, roman
ian, russian, sanskrit, serbian, slovak, slovenian, spanish, swedish, swissgerm
an, tamil, telugu, turkish, turkmen, ukenglish, ukrainian, uppersorbian, usengl
ishmax, welsh, loaded.
("C:\Program Files\MiKTeX 2.9\tex\latex\base\article.cls"
Document Class: article 2007/10/19 v1.4h Standard LaTeX document class
("C:\Program Files\MiKTeX 2.9\tex\latex\base\size10.clo"
File: size10.clo 2007/10/19 v1.4h Standard LaTeX file (size option)
)
\c@part=\count79
\c@section=\count80
\c@subsection=\count81
\c@subsubsection=\count82
\c@paragraph=\count83
\c@subparagraph=\count84
\c@figure=\count85
\c@table=\count86
\abovecaptionskip=\skip41
\belowcaptionskip=\skip42
\bibindent=\dimen102
)
("C:\Program Files\MiKTeX 2.9\tex\latex\amsmath\amsmath.sty"
Package: amsmath 2013/01/14 v2.14 AMS math features
\@mathmargin=\skip43

For additional information on amsmath, use the `?' option.
("C:\Program Files\MiKTeX 2.9\tex\latex\amsmath\amstext.sty"
Package: amstext 2000/06/29 v2.01

("C:\Program Files\MiKTeX 2.9\tex\latex\amsmath\amsgen.sty"
File: amsgen.sty 1999/11/30 v2.0
\@emptytoks=\toks14
\ex@=\dimen103
))
("C:\Program Files\MiKTeX 2.9\tex\latex\amsmath\amsbsy.sty"
Package: amsbsy 1999/11/29 v1.2d
\pmbraise@=\dimen104
)
("C:\Program Files\MiKTeX 2.9\tex\latex\amsmath\amsopn.sty"
Package: amsopn 1999/12/14 v2.01 operator names
)
\inf@bad=\count87
LaTeX Info: Redefining \frac on input line 210.
\uproot@=\count88
\leftroot@=\count89
LaTeX Info: Redefining \overline on input line 306.
\classnum@=\count90
\DOTSCASE@=\count91
LaTeX Info: Redefining \ldots on input line 378.
LaTeX Info: Redefining \dots on input line 381.
LaTeX Info: Redefining \cdots on input line 466.
\Mathstrutbox@=\box26
\strutbox@=\box27
\big@size=\dimen105
LaTeX Font Info:    Redeclaring font encoding OML on input line 566.
LaTeX Font Info:    Redeclaring font encoding OMS on input line 567.
\macc@depth=\count92
\c@MaxMatrixCols=\count93
\dotsspace@=\muskip10
\c@parentequation=\count94
\dspbrk@lvl=\count95
\tag@help=\toks15
\row@=\count96
\column@=\count97
\maxfields@=\count98
\andhelp@=\toks16
\eqnshift@=\dimen106
\alignsep@=\dimen107
\tagshift@=\dimen108
\tagwidth@=\dimen109
\totwidth@=\dimen110
\lineht@=\dimen111
\@envbody=\toks17
\multlinegap=\skip44
\multlinetaggap=\skip45
\mathdisplay@stack=\toks18
LaTeX Info: Redefining \[ on input line 2665.
LaTeX Info: Redefining \] on input line 2666.
)
(C:\Users\Ramaneek\AppData\Roaming\MiKTeX\2.9\tex\latex\fancyhdr\fancyhdr.sty
\fancy@headwidth=\skip46
\f@ncyO@elh=\skip47
\f@ncyO@erh=\skip48
\f@ncyO@olh=\skip49
\f@ncyO@orh=\skip50
\f@ncyO@elf=\skip51
\f@ncyO@erf=\skip52
\f@ncyO@olf=\skip53
\f@ncyO@orf=\skip54
)
(C:\Users\Ramaneek\AppData\Roaming\MiKTeX\2.9\tex\latex\lastpage\lastpage.sty
Package: lastpage 2013/01/28 v1.2l Refers to last page's name (HMM; JPG)
)
(C:\Users\Ramaneek\AppData\Roaming\MiKTeX\2.9\tex\latex\fancyhdr\extramarks.sty
\@temptokenb=\toks19
) ("C:\Program Files\MiKTeX 2.9\tex\latex\graphics\color.sty"
Package: color 2005/11/14 v1.0j Standard LaTeX Color (DPC)

("C:\Program Files\MiKTeX 2.9\tex\latex\00miktex\color.cfg"
File: color.cfg 2007/01/18 v1.5 color configuration of teTeX/TeXLive
)
Package color Info: Driver file: pdftex.def on input line 130.

("C:\Program Files\MiKTeX 2.9\tex\latex\pdftex-def\pdftex.def"
File: pdftex.def 2011/05/27 v0.06d Graphics/color for pdfTeX

("C:\Program Files\MiKTeX 2.9\tex\generic\oberdiek\infwarerr.sty"
Package: infwarerr 2010/04/08 v1.3 Providing info/warning/error messages (HO)
)
("C:\Program Files\MiKTeX 2.9\tex\generic\oberdiek\ltxcmds.sty"
Package: ltxcmds 2011/11/09 v1.22 LaTeX kernel commands for general use (HO)
)
\Gread@gobject=\count99
)
("C:\Program Files\MiKTeX 2.9\tex\latex\graphics\dvipsnam.def"
File: dvipsnam.def 1999/02/16 v3.0i Driver-dependant file (DPC,SPQR)
))
("C:\Program Files\MiKTeX 2.9\tex\latex\graphics\graphicx.sty"
Package: graphicx 1999/02/16 v1.0f Enhanced LaTeX Graphics (DPC,SPQR)

("C:\Program Files\MiKTeX 2.9\tex\latex\graphics\keyval.sty"
Package: keyval 1999/03/16 v1.13 key=value parser (DPC)
\KV@toks@=\toks20
)
("C:\Program Files\MiKTeX 2.9\tex\latex\graphics\graphics.sty"
Package: graphics 2009/02/05 v1.0o Standard LaTeX Graphics (DPC,SPQR)

("C:\Program Files\MiKTeX 2.9\tex\latex\graphics\trig.sty"
Package: trig 1999/03/16 v1.09 sin cos tan (DPC)
)
("C:\Program Files\MiKTeX 2.9\tex\latex\00miktex\graphics.cfg"
File: graphics.cfg 2007/01/18 v1.5 graphics configuration of teTeX/TeXLive
)
Package graphics Info: Driver file: pdftex.def on input line 91.
)
\Gin@req@height=\dimen112
\Gin@req@width=\dimen113
)
(C:\Users\Ramaneek\AppData\Roaming\MiKTeX\2.9\tex\latex\caption\subcaption.sty
Package: subcaption 2013/02/03 v1.1-62 Sub-captions (AR)

(C:\Users\Ramaneek\AppData\Roaming\MiKTeX\2.9\tex\latex\caption\caption.sty
Package: caption 2013/05/02 v3.3-89 Customizing captions (AR)

(C:\Users\Ramaneek\AppData\Roaming\MiKTeX\2.9\tex\latex\caption\caption3.sty
Package: caption3 2013/05/02 v1.6-88 caption3 kernel (AR)
Package caption3 Info: TeX engine: e-TeX on input line 57.
\captionmargin=\dimen114
\captionmargin@=\dimen115
\captionwidth=\dimen116
\caption@tempdima=\dimen117
\caption@indent=\dimen118
\caption@parindent=\dimen119
\caption@hangindent=\dimen120
)
\c@ContinuedFloat=\count100
)
\c@subfigure=\count101
\c@subtable=\count102
) (C:\Users\Ramaneek\AppData\Roaming\MiKTeX\2.9\tex\latex\listings\listings.sty
\lst@mode=\count103
\lst@gtempboxa=\box28
\lst@token=\toks21
\lst@length=\count104
\lst@currlwidth=\dimen121
\lst@column=\count105
\lst@pos=\count106
\lst@lostspace=\dimen122
\lst@width=\dimen123
\lst@newlines=\count107
\lst@lineno=\count108
\lst@maxwidth=\dimen124

(C:\Users\Ramaneek\AppData\Roaming\MiKTeX\2.9\tex\latex\listings\lstmisc.sty
File: lstmisc.sty 2014/09/06 1.5e (Carsten Heinz)
\c@lstnumber=\count109
\lst@skipnumbers=\count110
\lst@framebox=\box29
)
(C:\Users\Ramaneek\AppData\Roaming\MiKTeX\2.9\tex\latex\listings\listings.cfg
File: listings.cfg 2014/09/06 1.5e listings configuration
))
Package: listings 2014/09/06 1.5e (Carsten Heinz)
("C:\Program Files\MiKTeX 2.9\tex\latex\psnfss\courier.sty"
Package: courier 2005/04/12 PSNFSS-v9.2a (WaS) 
)
(C:\Users\Ramaneek\AppData\Roaming\MiKTeX\2.9\tex\latex\lipsum\lipsum.sty
Package: lipsum 2014/07/27 v1.3 150 paragraphs of Lorem Ipsum dummy text
\c@lips@count=\count111
)
(C:\Users\Ramaneek\AppData\Roaming\MiKTeX\2.9\tex\latex\listings\lstlang1.sty
File: lstlang1.sty 2014/09/06 1.5e listings language file
)
(C:\Users\Ramaneek\AppData\Roaming\MiKTeX\2.9\tex\latex\listings\lstlang1.sty
File: lstlang1.sty 2014/09/06 1.5e listings language file
)
\c@homeworkProblemCounter=\count112

("C:\Users\Ramaneek\SkyDrive\Documents\GitHub\CSC320-Winter-2014\project 4\fina
l report.aux"

LaTeX Warning: Label `fig:1a' multiply defined.


LaTeX Warning: Label `sub@fig:1a' multiply defined.


LaTeX Warning: Label `fig:1b' multiply defined.


LaTeX Warning: Label `sub@fig:1b' multiply defined.


LaTeX Warning: Label `fig:dataset' multiply defined.


LaTeX Warning: Label `fig:1a' multiply defined.


LaTeX Warning: Label `sub@fig:1a' multiply defined.


LaTeX Warning: Label `fig:1b' multiply defined.


LaTeX Warning: Label `sub@fig:1b' multiply defined.


LaTeX Warning: Label `fig:dataset' multiply defined.


LaTeX Warning: Label `fig:1a' multiply defined.


LaTeX Warning: Label `sub@fig:1a' multiply defined.


LaTeX Warning: Label `fig:dataset' multiply defined.


LaTeX Warning: Label `fig:1a' multiply defined.


LaTeX Warning: Label `sub@fig:1a' multiply defined.


LaTeX Warning: Label `fig:1b' multiply defined.


LaTeX Warning: Label `sub@fig:1b' multiply defined.


LaTeX Warning: Label `fig:dataset' multiply defined.


LaTeX Warning: Label `fig:1a' multiply defined.


LaTeX Warning: Label `sub@fig:1a' multiply defined.


LaTeX Warning: Label `fig:dataset' multiply defined.

)
LaTeX Font Info:    Checking defaults for OML/cmm/m/it on input line 197.
LaTeX Font Info:    ... okay on input line 197.
LaTeX Font Info:    Checking defaults for T1/cmr/m/n on input line 197.
LaTeX Font Info:    ... okay on input line 197.
LaTeX Font Info:    Checking defaults for OT1/cmr/m/n on input line 197.
LaTeX Font Info:    ... okay on input line 197.
LaTeX Font Info:    Checking defaults for OMS/cmsy/m/n on input line 197.
LaTeX Font Info:    ... okay on input line 197.
LaTeX Font Info:    Checking defaults for OMX/cmex/m/n on input line 197.
LaTeX Font Info:    ... okay on input line 197.
LaTeX Font Info:    Checking defaults for U/cmr/m/n on input line 197.
LaTeX Font Info:    ... okay on input line 197.
Package lastpage Info: Please have a look at the pageslts package at
(lastpage)             http://www.ctan.org/tex-archive/ 
(lastpage)             macros/latex/contrib/pageslts/ 
(lastpage)             or
(lastpage)             http://www.ctan.org/tex-archive/ 
(lastpage)             install/macros/latex/contrib/pageslts.tds.zip
(lastpage)             ! on input line 197.
 (C:\Users\Ramaneek\AppData\Roaming\MiKTeX\2.9\tex\context\base\supp-pdf.mkii
[Loading MPS to PDF converter (version 2006.09.02).]
\scratchcounter=\count113
\scratchdimen=\dimen125
\scratchbox=\box30
\nofMPsegments=\count114
\nofMParguments=\count115
\everyMPshowfont=\toks22
\MPscratchCnt=\count116
\MPscratchDim=\dimen126
\MPnumerator=\count117
\makeMPintoPDFobject=\count118
\everyMPtoPDFconversion=\toks23
)
Package caption Info: Begin \AtBeginDocument code.
Package caption Info: listings package is loaded.
Package caption Info: End \AtBeginDocument code.
\c@lstlisting=\count119
 [1

{C:/Users/Ramaneek/AppData/Local/MiKTeX/2.9/pdftex/config/pdftex.map}]
Underfull \hbox (badness 10000) in paragraph at lines 223--225

 []


Underfull \hbox (badness 10000) in paragraph at lines 268--269

 []

<flower-foreground.png, id=9, 578.16pt x 431.4519pt>
File: flower-foreground.png Graphic file (type png)

<use flower-foreground.png>
Package pdftex.def Info: flower-foreground.png used on input line 273.
(pdftex.def)             Requested size: 140.92792pt x 105.1635pt.

<foreground-alpha-channel.png, id=11, 578.16pt x 431.4519pt>
File: foreground-alpha-channel.png Graphic file (type png)

<use foreground-alpha-channel.png>
Package pdftex.def Info: foreground-alpha-channel.png used on input line 279.
(pdftex.def)             Requested size: 140.92792pt x 105.1635pt.

<window-and-flower.png, id=12, 578.16pt x 431.4519pt>
File: window-and-flower.png Graphic file (type png)

<use window-and-flower.png>
Package pdftex.def Info: window-and-flower.png used on input line 285.
(pdftex.def)             Requested size: 140.92792pt x 105.1635pt.
 [2

 <C:/Users/Ramaneek/SkyDrive/Documents/GitHub/CSC320-Winter-2014/project 4/flow
er-foreground.png> <C:/Users/Ramaneek/SkyDrive/Documents/GitHub/CSC320-Winter-2
014/project 4/foreground-alpha-channel.png> <C:/Users/Ramaneek/SkyDrive/Documen
ts/GitHub/CSC320-Winter-2014/project 4/window-and-flower.png>]
Underfull \hbox (badness 10000) in paragraph at lines 298--300

 []


Underfull \hbox (badness 10000) in paragraph at lines 301--309

 []

<my-images/b1.jpg, id=24, 3276.24pt x 2457.18pt>
File: my-images/b1.jpg Graphic file (type jpg)
 <use my-images/b1.jpg>
Package pdftex.def Info: my-images/b1.jpg used on input line 313.
(pdftex.def)             Requested size: 230.18251pt x 172.62007pt.

<my-images/b2.jpg, id=25, 3276.24pt x 2457.18pt>
File: my-images/b2.jpg Graphic file (type jpg)
 <use my-images/b2.jpg>
Package pdftex.def Info: my-images/b2.jpg used on input line 319.
(pdftex.def)             Requested size: 230.18251pt x 172.62007pt.

<my-images/c1.jpg, id=26, 3276.24pt x 2457.18pt>
File: my-images/c1.jpg Graphic file (type jpg)
 <use my-images/c1.jpg>
Package pdftex.def Info: my-images/c1.jpg used on input line 330.
(pdftex.def)             Requested size: 230.18251pt x 172.62007pt.

<my-images/c2.jpg, id=27, 3276.24pt x 2457.18pt>
File: my-images/c2.jpg Graphic file (type jpg)
 <use my-images/c2.jpg>
Package pdftex.def Info: my-images/c2.jpg used on input line 336.
(pdftex.def)             Requested size: 230.18251pt x 172.62007pt.


LaTeX Warning: `!h' float specifier changed to `!ht'.

<my-images/new-b.jpg, id=28, 3276.24pt x 2457.18pt>
File: my-images/new-b.jpg Graphic file (type jpg)
 <use my-images/new-b.jpg>
Package pdftex.def Info: my-images/new-b.jpg used on input line 346.
(pdftex.def)             Requested size: 352.31624pt x 264.21669pt.


LaTeX Warning: `!h' float specifier changed to `!ht'.

<my-alpha.png, id=29, 578.16pt x 431.4519pt>
File: my-alpha.png Graphic file (type png)
 <use my-alpha.png>
Package pdftex.def Info: my-alpha.png used on input line 358.
(pdftex.def)             Requested size: 230.18251pt x 171.76794pt.

<my-f.png, id=30, 578.16pt x 431.4519pt>
File: my-f.png Graphic file (type png)
 <use my-f.png>
Package pdftex.def Info: my-f.png used on input line 364.
(pdftex.def)             Requested size: 230.18251pt x 171.76794pt.


LaTeX Warning: `!h' float specifier changed to `!ht'.

<my-new-c.png, id=31, 578.16pt x 431.4519pt>
File: my-new-c.png Graphic file (type png)
 <use my-new-c.png>
Package pdftex.def Info: my-new-c.png used on input line 374.
(pdftex.def)             Requested size: 352.31624pt x 262.91536pt.


LaTeX Warning: `!h' float specifier changed to `!ht'.

[3

 <C:/Users/Ramaneek/SkyDrive/Documents/GitHub/CSC320-Winter-2014/project 4/my-i
mages/b1.jpg> <C:/Users/Ramaneek/SkyDrive/Documents/GitHub/CSC320-Winter-2014/p
roject 4/my-images/b2.jpg>] [4 <C:/Users/Ramaneek/SkyDrive/Documents/GitHub/CSC
320-Winter-2014/project 4/my-images/c1.jpg> <C:/Users/Ramaneek/SkyDrive/Documen
ts/GitHub/CSC320-Winter-2014/project 4/my-images/c2.jpg> <C:/Users/Ramaneek/Sky
Drive/Documents/GitHub/CSC320-Winter-2014/project 4/my-images/new-b.jpg>]
[5 <C:/Users/Ramaneek/SkyDrive/Documents/GitHub/CSC320-Winter-2014/project 4/my
-alpha.png> <C:/Users/Ramaneek/SkyDrive/Documents/GitHub/CSC320-Winter-2014/pro
ject 4/my-f.png> <C:/Users/Ramaneek/SkyDrive/Documents/GitHub/CSC320-Winter-201
4/project 4/my-new-c.png>]
LaTeX Font Info:    Try loading font information for OT1+pcr on input line 388.


("C:\Program Files\MiKTeX 2.9\tex\latex\psnfss\ot1pcr.fd"
File: ot1pcr.fd 2001/06/04 font definitions for OT1/pcr.
)
LaTeX Font Info:    Try loading font information for T1+pcr on input line 407.

("C:\Program Files\MiKTeX 2.9\tex\latex\psnfss\t1pcr.fd"
File: t1pcr.fd 2001/06/04 font definitions for T1/pcr.
) [6

]

AED: lastpage setting LastPage
[7]
("C:\Users\Ramaneek\SkyDrive\Documents\GitHub\CSC320-Winter-2014\project 4\fina
l report.aux")

LaTeX Warning: There were multiply-defined labels.

 ) 
Here is how much of TeX's memory you used:
 5136 strings out of 493921
 74935 string characters out of 3147273
 305368 words of memory out of 3000000
 8375 multiletter control sequences out of 15000+200000
 10881 words of font info for 39 fonts, out of 3000000 for 9000
 841 hyphenation exceptions out of 8191
 42i,12n,43p,389b,1814s stack positions out of 5000i,500n,10000p,200000b,50000s
{C:/Program Files/MiKTeX 2.9/fonts/enc/dvips/fontname/8r.enc}<C:/Program File
s/MiKTeX 2.9/fonts/type1/public/amsfonts/cm/cmbx12.pfb><C:/Program Files/MiKTeX
 2.9/fonts/type1/public/amsfonts/cm/cmbx9.pfb><C:/Program Files/MiKTeX 2.9/font
s/type1/public/amsfonts/cm/cmex10.pfb><C:/Program Files/MiKTeX 2.9/fonts/type1/
public/amsfonts/cm/cmmi10.pfb><C:/Program Files/MiKTeX 2.9/fonts/type1/public/a
msfonts/cm/cmmi7.pfb><C:/Program Files/MiKTeX 2.9/fonts/type1/public/amsfonts/c
m/cmr10.pfb><C:/Program Files/MiKTeX 2.9/fonts/type1/public/amsfonts/cm/cmr12.p
fb><C:/Program Files/MiKTeX 2.9/fonts/type1/public/amsfonts/cm/cmr5.pfb><C:/Pro
gram Files/MiKTeX 2.9/fonts/type1/public/amsfonts/cm/cmr7.pfb><C:/Program Files
/MiKTeX 2.9/fonts/type1/public/amsfonts/cm/cmr9.pfb><C:/Program Files/MiKTeX 2.
9/fonts/type1/public/amsfonts/cm/cmsy10.pfb><C:/Program Files/MiKTeX 2.9/fonts/
type1/urw/courier/ucrr8a.pfb><C:/Program Files/MiKTeX 2.9/fonts/type1/urw/couri
er/ucrro8a.pfb>
Output written on "final report.pdf" (7 pages, 8197158 bytes).
PDF statistics:
 97 PDF objects out of 1000 (max. 8388607)
 0 named destinations out of 1000 (max. 500000)
 56 words of extra memory for PDF output out of 10000 (max. 10000000)

