This is pdfTeX, Version 3.1415926-2.5-1.40.14 (MiKTeX 2.9 64-bit) (preloaded format=pdflatex 2015.1.24)  22 MAR 2015 19:28
entering extended mode
**final_report.tex

("C:\Users\Ramaneek\SkyDrive\Documents\GitHub\CSC320-Winter-2014\project 3\fina
l_report.tex"
LaTeX2e <2011/06/27>
Babel <v3.8m> and hyphenation patterns for english, afrikaans, ancientgreek, ar
abic, armenian, assamese, basque, bengali, bokmal, bulgarian, catalan, coptic, 
croatian, czech, danish, dutch, esperanto, estonian, farsi, finnish, french, ga
lician, german, german-x-2013-05-26, greek, gujarati, hindi, hungarian, iceland
ic, indonesian, interlingua, irish, italian, kannada, kurmanji, latin, latvian,
 lithuanian, malayalam, marathi, mongolian, mongolianlmc, monogreek, ngerman, n
german-x-2013-05-26, nynorsk, oriya, panjabi, pinyin, polish, portuguese, roman
ian, russian, sanskrit, serbian, slovak, slovenian, spanish, swedish, swissgerm
an, tamil, telugu, turkish, turkmen, ukenglish, ukrainian, uppersorbian, usengl
ishmax, welsh, loaded.
("C:\Program Files\MiKTeX 2.9\tex\latex\base\article.cls"
Document Class: article 2007/10/19 v1.4h Standard LaTeX document class
("C:\Program Files\MiKTeX 2.9\tex\latex\base\size10.clo"
File: size10.clo 2007/10/19 v1.4h Standard LaTeX file (size option)
)
\c@part=\count79
\c@section=\count80
\c@subsection=\count81
\c@subsubsection=\count82
\c@paragraph=\count83
\c@subparagraph=\count84
\c@figure=\count85
\c@table=\count86
\abovecaptionskip=\skip41
\belowcaptionskip=\skip42
\bibindent=\dimen102
)
(C:\Users\Ramaneek\AppData\Roaming\MiKTeX\2.9\tex\latex\fancyhdr\fancyhdr.sty
\fancy@headwidth=\skip43
\f@ncyO@elh=\skip44
\f@ncyO@erh=\skip45
\f@ncyO@olh=\skip46
\f@ncyO@orh=\skip47
\f@ncyO@elf=\skip48
\f@ncyO@erf=\skip49
\f@ncyO@olf=\skip50
\f@ncyO@orf=\skip51
)
(C:\Users\Ramaneek\AppData\Roaming\MiKTeX\2.9\tex\latex\lastpage\lastpage.sty
Package: lastpage 2013/01/28 v1.2l Refers to last page's name (HMM; JPG)
)
(C:\Users\Ramaneek\AppData\Roaming\MiKTeX\2.9\tex\latex\fancyhdr\extramarks.sty
\@temptokenb=\toks14
) ("C:\Program Files\MiKTeX 2.9\tex\latex\graphics\color.sty"
Package: color 2005/11/14 v1.0j Standard LaTeX Color (DPC)

("C:\Program Files\MiKTeX 2.9\tex\latex\00miktex\color.cfg"
File: color.cfg 2007/01/18 v1.5 color configuration of teTeX/TeXLive
)
Package color Info: Driver file: pdftex.def on input line 130.

("C:\Program Files\MiKTeX 2.9\tex\latex\pdftex-def\pdftex.def"
File: pdftex.def 2011/05/27 v0.06d Graphics/color for pdfTeX

("C:\Program Files\MiKTeX 2.9\tex\generic\oberdiek\infwarerr.sty"
Package: infwarerr 2010/04/08 v1.3 Providing info/warning/error messages (HO)
)
("C:\Program Files\MiKTeX 2.9\tex\generic\oberdiek\ltxcmds.sty"
Package: ltxcmds 2011/11/09 v1.22 LaTeX kernel commands for general use (HO)
)
\Gread@gobject=\count87
)
("C:\Program Files\MiKTeX 2.9\tex\latex\graphics\dvipsnam.def"
File: dvipsnam.def 1999/02/16 v3.0i Driver-dependant file (DPC,SPQR)
))
("C:\Program Files\MiKTeX 2.9\tex\latex\graphics\graphicx.sty"
Package: graphicx 1999/02/16 v1.0f Enhanced LaTeX Graphics (DPC,SPQR)

("C:\Program Files\MiKTeX 2.9\tex\latex\graphics\keyval.sty"
Package: keyval 1999/03/16 v1.13 key=value parser (DPC)
\KV@toks@=\toks15
)
("C:\Program Files\MiKTeX 2.9\tex\latex\graphics\graphics.sty"
Package: graphics 2009/02/05 v1.0o Standard LaTeX Graphics (DPC,SPQR)

("C:\Program Files\MiKTeX 2.9\tex\latex\graphics\trig.sty"
Package: trig 1999/03/16 v1.09 sin cos tan (DPC)
)
("C:\Program Files\MiKTeX 2.9\tex\latex\00miktex\graphics.cfg"
File: graphics.cfg 2007/01/18 v1.5 graphics configuration of teTeX/TeXLive
)
Package graphics Info: Driver file: pdftex.def on input line 91.
)
\Gin@req@height=\dimen103
\Gin@req@width=\dimen104
)
(C:\Users\Ramaneek\AppData\Roaming\MiKTeX\2.9\tex\latex\caption\subcaption.sty
Package: subcaption 2013/02/03 v1.1-62 Sub-captions (AR)

(C:\Users\Ramaneek\AppData\Roaming\MiKTeX\2.9\tex\latex\caption\caption.sty
Package: caption 2013/05/02 v3.3-89 Customizing captions (AR)

(C:\Users\Ramaneek\AppData\Roaming\MiKTeX\2.9\tex\latex\caption\caption3.sty
Package: caption3 2013/05/02 v1.6-88 caption3 kernel (AR)
Package caption3 Info: TeX engine: e-TeX on input line 57.
\captionmargin=\dimen105
\captionmargin@=\dimen106
\captionwidth=\dimen107
\caption@tempdima=\dimen108
\caption@indent=\dimen109
\caption@parindent=\dimen110
\caption@hangindent=\dimen111
)
\c@ContinuedFloat=\count88
)
\c@subfigure=\count89
\c@subtable=\count90
) (C:\Users\Ramaneek\AppData\Roaming\MiKTeX\2.9\tex\latex\listings\listings.sty
\lst@mode=\count91
\lst@gtempboxa=\box26
\lst@token=\toks16
\lst@length=\count92
\lst@currlwidth=\dimen112
\lst@column=\count93
\lst@pos=\count94
\lst@lostspace=\dimen113
\lst@width=\dimen114
\lst@newlines=\count95
\lst@lineno=\count96
\lst@maxwidth=\dimen115

(C:\Users\Ramaneek\AppData\Roaming\MiKTeX\2.9\tex\latex\listings\lstmisc.sty
File: lstmisc.sty 2014/09/06 1.5e (Carsten Heinz)
\c@lstnumber=\count97
\lst@skipnumbers=\count98
\lst@framebox=\box27
)
(C:\Users\Ramaneek\AppData\Roaming\MiKTeX\2.9\tex\latex\listings\listings.cfg
File: listings.cfg 2014/09/06 1.5e listings configuration
))
Package: listings 2014/09/06 1.5e (Carsten Heinz)
("C:\Program Files\MiKTeX 2.9\tex\latex\psnfss\courier.sty"
Package: courier 2005/04/12 PSNFSS-v9.2a (WaS) 
)
(C:\Users\Ramaneek\AppData\Roaming\MiKTeX\2.9\tex\latex\lipsum\lipsum.sty
Package: lipsum 2014/07/27 v1.3 150 paragraphs of Lorem Ipsum dummy text
\c@lips@count=\count99
)
(C:\Users\Ramaneek\AppData\Roaming\MiKTeX\2.9\tex\latex\listings\lstlang1.sty
File: lstlang1.sty 2014/09/06 1.5e listings language file
)
(C:\Users\Ramaneek\AppData\Roaming\MiKTeX\2.9\tex\latex\listings\lstlang1.sty
File: lstlang1.sty 2014/09/06 1.5e listings language file
)
\c@homeworkProblemCounter=\count100

("C:\Users\Ramaneek\SkyDrive\Documents\GitHub\CSC320-Winter-2014\project 3\fina
l_report.aux")
LaTeX Font Info:    Checking defaults for OML/cmm/m/it on input line 197.
LaTeX Font Info:    ... okay on input line 197.
LaTeX Font Info:    Checking defaults for T1/cmr/m/n on input line 197.
LaTeX Font Info:    ... okay on input line 197.
LaTeX Font Info:    Checking defaults for OT1/cmr/m/n on input line 197.
LaTeX Font Info:    ... okay on input line 197.
LaTeX Font Info:    Checking defaults for OMS/cmsy/m/n on input line 197.
LaTeX Font Info:    ... okay on input line 197.
LaTeX Font Info:    Checking defaults for OMX/cmex/m/n on input line 197.
LaTeX Font Info:    ... okay on input line 197.
LaTeX Font Info:    Checking defaults for U/cmr/m/n on input line 197.
LaTeX Font Info:    ... okay on input line 197.
Package lastpage Info: Please have a look at the pageslts package at
(lastpage)             http://www.ctan.org/tex-archive/ 
(lastpage)             macros/latex/contrib/pageslts/ 
(lastpage)             or
(lastpage)             http://www.ctan.org/tex-archive/ 
(lastpage)             install/macros/latex/contrib/pageslts.tds.zip
(lastpage)             ! on input line 197.

(C:\Users\Ramaneek\AppData\Roaming\MiKTeX\2.9\tex\context\base\supp-pdf.mkii
[Loading MPS to PDF converter (version 2006.09.02).]
\scratchcounter=\count101
\scratchdimen=\dimen116
\scratchbox=\box28
\nofMPsegments=\count102
\nofMParguments=\count103
\everyMPshowfont=\toks17
\MPscratchCnt=\count104
\MPscratchDim=\dimen117
\MPnumerator=\count105
\makeMPintoPDFobject=\count106
\everyMPtoPDFconversion=\toks18
)
Package caption Info: Begin \AtBeginDocument code.
Package caption Info: listings package is loaded.
Package caption Info: End \AtBeginDocument code.
\c@lstlisting=\count107
LaTeX Font Info:    External font `cmex10' loaded for size
(Font)              <12> on input line 199.
LaTeX Font Info:    External font `cmex10' loaded for size
(Font)              <8> on input line 199.
LaTeX Font Info:    External font `cmex10' loaded for size
(Font)              <6> on input line 199.
 [1

{C:/Users/Ramaneek/AppData/Local/MiKTeX/2.9/pdftex/config/pdftex.map}]
<cropped/agron3.jpg, id=9, 32.12pt x 32.12pt>
File: cropped/agron3.jpg Graphic file (type jpg)
 <use cropped/agron3.jpg>
Package pdftex.def Info: cropped/agron3.jpg used on input line 218.
(pdftex.def)             Requested size: 155.02pt x 155.07057pt.

<cropped/anderson16.jpg, id=10, 32.12pt x 32.12pt>
File: cropped/anderson16.jpg Graphic file (type jpg)

<use cropped/anderson16.jpg>
Package pdftex.def Info: cropped/anderson16.jpg used on input line 224.
(pdftex.def)             Requested size: 155.02pt x 155.07057pt.
 <cropped/eckhart8.jpg, id=11, 32.12pt x 32.12pt>
File: cropped/eckhart8.jpg Graphic file (type jpg)

<use cropped/eckhart8.jpg>
Package pdftex.def Info: cropped/eckhart8.jpg used on input line 229.
(pdftex.def)             Requested size: 155.02pt x 155.07057pt.
LaTeX Font Info:    Try loading font information for OT1+pcr on input line 245.


("C:\Program Files\MiKTeX 2.9\tex\latex\psnfss\ot1pcr.fd"
File: ot1pcr.fd 2001/06/04 font definitions for OT1/pcr.
)
<report/display_save_25_comps.jpg, id=12, 803.0pt x 602.25pt>
File: report/display_save_25_comps.jpg Graphic file (type jpg)

<use report/display_save_25_comps.jpg>
Package pdftex.def Info: report/display_save_25_comps.jpg used on input line 25
0.
(pdftex.def)             Requested size: 352.31624pt x 264.24646pt.

<report/mean_face.jpg, id=13, 32.12pt x 32.12pt>
File: report/mean_face.jpg Graphic file (type jpg)
 <use report/mean_face.jpg>
Package pdftex.def Info: report/mean_face.jpg used on input line 256.
(pdftex.def)             Requested size: 140.92792pt x 140.974pt.

Overfull \hbox (27.9336pt too wide) in paragraph at lines 249--260
 [][]  [] 
 []


LaTeX Warning: `!h' float specifier changed to `!ht'.


Underfull \hbox (badness 10000) in paragraph at lines 272--302

 []

[2

 <C:/Users/Ramaneek/SkyDrive/Documents/GitHub/CSC320-Winter-2014/project 3/crop
ped/agron3.jpg> <C:/Users/Ramaneek/SkyDrive/Documents/GitHub/CSC320-Winter-2014
/project 3/cropped/anderson16.jpg> <C:/Users/Ramaneek/SkyDrive/Documents/GitHub
/CSC320-Winter-2014/project 3/cropped/eckhart8.jpg>] [3 <C:/Users/Ramaneek/SkyD
rive/Documents/GitHub/CSC320-Winter-2014/project 3/report/display_save_25_comps
.jpg> <C:/Users/Ramaneek/SkyDrive/Documents/GitHub/CSC320-Winter-2014/project 3
/report/mean_face.jpg>]

LaTeX Warning: File `report/1 Aaron Eckhart incorrectly matched.jpg' not found 
on input line 306.

<report/1 Aaron Eckhart incorrectly matched.jpg, id=21, 32.12pt x 32.12pt>
File: report/1 Aaron Eckhart incorrectly matched.jpg Graphic file (type jpg)

<use report/1 Aaron Eckhart incorrectly matched.jpg>
Package pdftex.def Info: report/1 Aaron Eckhart incorrectly matched.jpg used on
 input line 306.
(pdftex.def)             Requested size: 93.94955pt x 93.95718pt.

Underfull \hbox (badness 7451) in paragraph at lines 306--307
[]\OT1/cmr/m/n/10 Aaron Eck-hart in-
 []


LaTeX Warning: File `report/1 Ashley Benson with.jpg' not found on input line 3
12.

<report/1 Ashley Benson with.jpg, id=22, 32.12pt x 32.12pt>
File: report/1 Ashley Benson with.jpg Graphic file (type jpg)

<use report/1 Ashley Benson with.jpg>
Package pdftex.def Info: report/1 Ashley Benson with.jpg used on input line 312
.
(pdftex.def)             Requested size: 93.94955pt x 93.95718pt.

Underfull \hbox (badness 10000) in paragraph at lines 312--313
[]\OT1/cmr/m/n/10 Ashley Ben-
 []


Underfull \hbox (badness 10000) in paragraph at lines 312--313
\OT1/cmr/m/n/10 son with.jpg
 []


Underfull \hbox (badness 6944) in paragraph at lines 313--313
[]\OT1/cmr/m/n/9 (b) |This recog-ni-tion
 []


Underfull \hbox (badness 6477) in paragraph at lines 313--313
\OT1/cmr/m/n/9 was com-puted us-ing
 []


LaTeX Warning: File `report/2 Aaron Eckhart incorrectly matched.jpg' not found 
on input line 324.

<report/2 Aaron Eckhart incorrectly matched.jpg, id=23, 32.12pt x 32.12pt>
File: report/2 Aaron Eckhart incorrectly matched.jpg Graphic file (type jpg)

<use report/2 Aaron Eckhart incorrectly matched.jpg>
Package pdftex.def Info: report/2 Aaron Eckhart incorrectly matched.jpg used on
 input line 324.
(pdftex.def)             Requested size: 93.94955pt x 93.95718pt.

Underfull \hbox (badness 7451) in paragraph at lines 324--325
[]\OT1/cmr/m/n/10 Aaron Eck-hart in-
 []


LaTeX Warning: File `report/2 Adrien Brody with.jpg' not found on input line 33
0.

<report/2 Adrien Brody with.jpg, id=24, 32.12pt x 32.12pt>
File: report/2 Adrien Brody with.jpg Graphic file (type jpg)

<use report/2 Adrien Brody with.jpg>
Package pdftex.def Info: report/2 Adrien Brody with.jpg used on input line 330.

(pdftex.def)             Requested size: 93.94955pt x 93.95718pt.

Underfull \hbox (badness 10000) in paragraph at lines 330--331
[]\OT1/cmr/m/n/10 Adrien Brody
 []


Underfull \hbox (badness 10000) in paragraph at lines 330--331
\OT1/cmr/m/n/10 with.jpg
 []


Underfull \hbox (badness 6944) in paragraph at lines 331--331
[]\OT1/cmr/m/n/9 (b) |This recog-ni-tion
 []


Underfull \hbox (badness 6477) in paragraph at lines 331--331
\OT1/cmr/m/n/9 was com-puted us-ing
 []


LaTeX Warning: File `report/3 Aaron Eckhart incorrectly matched.jpg' not found 
on input line 342.

<report/3 Aaron Eckhart incorrectly matched.jpg, id=25, 32.12pt x 32.12pt>
File: report/3 Aaron Eckhart incorrectly matched.jpg Graphic file (type jpg)

<use report/3 Aaron Eckhart incorrectly matched.jpg>
Package pdftex.def Info: report/3 Aaron Eckhart incorrectly matched.jpg used on
 input line 342.
(pdftex.def)             Requested size: 93.94955pt x 93.95718pt.

Underfull \hbox (badness 7451) in paragraph at lines 342--343
[]\OT1/cmr/m/n/10 Aaron Eck-hart in-
 []


LaTeX Warning: File `report/3 Adrien Brody with.jpg' not found on input line 34
8.

<report/3 Adrien Brody with.jpg, id=26, 32.12pt x 32.12pt>
File: report/3 Adrien Brody with.jpg Graphic file (type jpg)

<use report/3 Adrien Brody with.jpg>
Package pdftex.def Info: report/3 Adrien Brody with.jpg used on input line 348.

(pdftex.def)             Requested size: 93.94955pt x 93.95718pt.

Underfull \hbox (badness 10000) in paragraph at lines 348--349
[]\OT1/cmr/m/n/10 Adrien Brody
 []


Underfull \hbox (badness 10000) in paragraph at lines 348--349
\OT1/cmr/m/n/10 with.jpg
 []


Underfull \hbox (badness 6944) in paragraph at lines 349--349
[]\OT1/cmr/m/n/9 (b) |This recog-ni-tion
 []


Underfull \hbox (badness 6477) in paragraph at lines 349--349
\OT1/cmr/m/n/9 was com-puted us-ing
 []


LaTeX Warning: `!h' float specifier changed to `!ht'.


LaTeX Warning: File `report/4 Aaron Eckhart incorrectly matched.jpg' not found 
on input line 360.

<report/4 Aaron Eckhart incorrectly matched.jpg, id=27, 32.12pt x 32.12pt>
File: report/4 Aaron Eckhart incorrectly matched.jpg Graphic file (type jpg)

<use report/4 Aaron Eckhart incorrectly matched.jpg>
Package pdftex.def Info: report/4 Aaron Eckhart incorrectly matched.jpg used on
 input line 360.
(pdftex.def)             Requested size: 93.94955pt x 93.95718pt.

Underfull \hbox (badness 7451) in paragraph at lines 360--361
[]\OT1/cmr/m/n/10 Aaron Eck-hart in-
 []


LaTeX Warning: File `report/4 Adrien Brody with.jpg' not found on input line 36
6.

<report/4 Adrien Brody with.jpg, id=28, 32.12pt x 32.12pt>
File: report/4 Adrien Brody with.jpg Graphic file (type jpg)

<use report/4 Adrien Brody with.jpg>
Package pdftex.def Info: report/4 Adrien Brody with.jpg used on input line 366.

(pdftex.def)             Requested size: 93.94955pt x 93.95718pt.

Underfull \hbox (badness 10000) in paragraph at lines 366--367
[]\OT1/cmr/m/n/10 Adrien Brody
 []


Underfull \hbox (badness 10000) in paragraph at lines 366--367
\OT1/cmr/m/n/10 with.jpg
 []


Underfull \hbox (badness 6944) in paragraph at lines 367--367
[]\OT1/cmr/m/n/9 (b) |This recog-ni-tion
 []


Underfull \hbox (badness 6477) in paragraph at lines 367--367
\OT1/cmr/m/n/9 was com-puted us-ing
 []


LaTeX Warning: `!h' float specifier changed to `!ht'.


LaTeX Warning: File `report/5 Aaron Eckhart incorrectly matched.jpg' not found 
on input line 378.

<report/5 Aaron Eckhart incorrectly matched.jpg, id=29, 32.12pt x 32.12pt>
File: report/5 Aaron Eckhart incorrectly matched.jpg Graphic file (type jpg)

<use report/5 Aaron Eckhart incorrectly matched.jpg>
Package pdftex.def Info: report/5 Aaron Eckhart incorrectly matched.jpg used on
 input line 378.
(pdftex.def)             Requested size: 93.94955pt x 93.95718pt.

Underfull \hbox (badness 7451) in paragraph at lines 378--379
[]\OT1/cmr/m/n/10 Aaron Eck-hart in-
 []


LaTeX Warning: File `report/5 Adam Sandler with.jpg' not found on input line 38
4.

<report/5 Adam Sandler with.jpg, id=30, 32.12pt x 32.12pt>
File: report/5 Adam Sandler with.jpg Graphic file (type jpg)

<use report/5 Adam Sandler with.jpg>
Package pdftex.def Info: report/5 Adam Sandler with.jpg used on input line 384.

(pdftex.def)             Requested size: 93.94955pt x 93.95718pt.

Underfull \hbox (badness 10000) in paragraph at lines 384--385
[]\OT1/cmr/m/n/10 Adam San-
 []


Underfull \hbox (badness 10000) in paragraph at lines 384--385
\OT1/cmr/m/n/10 dler with.jpg
 []


Underfull \hbox (badness 6944) in paragraph at lines 385--385
[]\OT1/cmr/m/n/9 (b) |This recog-ni-tion
 []


Underfull \hbox (badness 6477) in paragraph at lines 385--385
\OT1/cmr/m/n/9 was com-puted us-ing
 []


LaTeX Warning: `!h' float specifier changed to `!ht'.

[4 <C:/Users/Ramaneek/SkyDrive/Documents/GitHub/CSC320-Winter-2014/project 3/re
port/1 Aaron Eckhart incorrectly matched.jpg> <C:/Users/Ramaneek/SkyDrive/Docum
ents/GitHub/CSC320-Winter-2014/project 3/report/1 Ashley Benson with.jpg> <C:/U
sers/Ramaneek/SkyDrive/Documents/GitHub/CSC320-Winter-2014/project 3/report/2 A
aron Eckhart incorrectly matched.jpg> <C:/Users/Ramaneek/SkyDrive/Documents/Git
Hub/CSC320-Winter-2014/project 3/report/2 Adrien Brody with.jpg>] [5 <C:/Users/
Ramaneek/SkyDrive/Documents/GitHub/CSC320-Winter-2014/project 3/report/3 Aaron 
Eckhart incorrectly matched.jpg> <C:/Users/Ramaneek/SkyDrive/Documents/GitHub/C
SC320-Winter-2014/project 3/report/3 Adrien Brody with.jpg> <C:/Users/Ramaneek/
SkyDrive/Documents/GitHub/CSC320-Winter-2014/project 3/report/4 Aaron Eckhart i
ncorrectly matched.jpg> <C:/Users/Ramaneek/SkyDrive/Documents/GitHub/CSC320-Win
ter-2014/project 3/report/4 Adrien Brody with.jpg> <C:/Users/Ramaneek/SkyDrive/
Documents/GitHub/CSC320-Winter-2014/project 3/report/5 Aaron Eckhart incorrectl
y matched.jpg> <C:/Users/Ramaneek/SkyDrive/Documents/GitHub/CSC320-Winter-2014/
project 3/report/5 Adam Sandler with.jpg>] [6

]
LaTeX Font Info:    Try loading font information for T1+pcr on input line 439.

("C:\Program Files\MiKTeX 2.9\tex\latex\psnfss\t1pcr.fd"
File: t1pcr.fd 2001/06/04 font definitions for T1/pcr.
) [7

] [8]
Overfull \hbox (275.44417pt too wide) in paragraph at lines 532--534
[][][][][][][][]  
 []

[9]
Overfull \hbox (91.8441pt too wide) in paragraph at lines 576--577
[][][][][][][][][][][][][][][][][][][][][][][][][][][][][][][][][][][][][][][][
][][][][][][][][][][][][][][][][] 
 []

[10]
Overfull \hbox (226.84395pt too wide) in paragraph at lines 644--647
[][][][][][][][][][][][][][][][][][][][][][][][][][][][][][][][][][][][][][][][
][][][][][][][][][][][][][][][][][][][][][][][]  
 []

[11] [12] [13] 
AED: lastpage setting LastPage
[14]
("C:\Users\Ramaneek\SkyDrive\Documents\GitHub\CSC320-Winter-2014\project 3\fina
l_report.aux") ) 
Here is how much of TeX's memory you used:
 4674 strings out of 493921
 70959 string characters out of 3147273
 339067 words of memory out of 3000000
 7931 multiletter control sequences out of 15000+200000
 10268 words of font info for 36 fonts, out of 3000000 for 9000
 841 hyphenation exceptions out of 8191
 42i,12n,43p,656b,1808s stack positions out of 5000i,500n,10000p,200000b,50000s
{C:/Program Files/MiKTeX 2.9/fonts/enc/dvips/fontname/8r.enc}<C
:/Program Files/MiKTeX 2.9/fonts/type1/public/amsfonts/cm/cmbx12.pfb><C:/Progra
m Files/MiKTeX 2.9/fonts/type1/public/amsfonts/cm/cmbx9.pfb><C:/Program Files/M
iKTeX 2.9/fonts/type1/public/amsfonts/cm/cmr10.pfb><C:/Program Files/MiKTeX 2.9
/fonts/type1/public/amsfonts/cm/cmr12.pfb><C:/Program Files/MiKTeX 2.9/fonts/ty
pe1/public/amsfonts/cm/cmr5.pfb><C:/Program Files/MiKTeX 2.9/fonts/type1/public
/amsfonts/cm/cmr9.pfb><C:/Program Files/MiKTeX 2.9/fonts/type1/urw/courier/ucrr
8a.pfb><C:/Program Files/MiKTeX 2.9/fonts/type1/urw/courier/ucrro8a.pfb>
Output written on final_report.pdf (14 pages, 229052 bytes).
PDF statistics:
 96 PDF objects out of 1000 (max. 8388607)
 0 named destinations out of 1000 (max. 500000)
 76 words of extra memory for PDF output out of 10000 (max. 10000000)

